Glance/GlanceSamples/app/build/intermediates/manifest_merge_blame_file/debug/manifest-merger-blame-debug-report.txt
1<?xml version="1.0" encoding="utf-8"?>
2<manifest xmlns:android="http://schemas.android.com/apk/res/android"
3    package="com.example.glancesamples"
4    android:versionCode="1"
5    android:versionName="1.0" >
6
7    <uses-sdk
8        android:minSdkVersion="23"
9        android:targetSdkVersion="34" />
10
11    <uses-permission android:name="android.permission.INTERNET" />
11-->src/main/AndroidManifest.xml:4:5-67
11-->src/main/AndroidManifest.xml:4:22-64
12    <uses-permission android:name="android.permission.WAKE_LOCK" />
12-->[androidx.work:work-runtime:2.9.0] AndroidManifest.xml:23:5-68
12-->[androidx.work:work-runtime:2.9.0] AndroidManifest.xml:23:22-65
13    <uses-permission android:name="android.permission.ACCESS_NETWORK_STATE" />
13-->[androidx.work:work-runtime:2.9.0] AndroidManifest.xml:24:5-79
13-->[androidx.work:work-runtime:2.9.0] AndroidManifest.xml:24:22-76
14    <uses-permission android:name="android.permission.RECEIVE_BOOT_COMPLETED" />
14-->[androidx.work:work-runtime:2.9.0] AndroidManifest.xml:25:5-81
14-->[androidx.work:work-runtime:2.9.0] AndroidManifest.xml:25:22-78
15    <uses-permission android:name="android.permission.FOREGROUND_SERVICE" />
15-->[androidx.work:work-runtime:2.9.0] AndroidManifest.xml:26:5-77
15-->[androidx.work:work-runtime:2.9.0] AndroidManifest.xml:26:22-74
16
17    <permission
17-->[androidx.core:core:1.12.0] AndroidManifest.xml:22:5-24:47
18        android:name="com.example.glancesamples.DYNAMIC_RECEIVER_NOT_EXPORTED_PERMISSION"
18-->[androidx.core:core:1.12.0] AndroidManifest.xml:23:9-81
19        android:protectionLevel="signature" />
19-->[androidx.core:core:1.12.0] AndroidManifest.xml:24:9-44
20
21    <uses-permission android:name="com.example.glancesamples.DYNAMIC_RECEIVER_NOT_EXPORTED_PERMISSION" />
21-->[androidx.core:core:1.12.0] AndroidManifest.xml:26:5-97
21-->[androidx.core:core:1.12.0] AndroidManifest.xml:26:22-94
22
23    <application
23-->src/main/AndroidManifest.xml:6:5-105:19
24        android:allowBackup="true"
24-->src/main/AndroidManifest.xml:7:9-35
25        android:appComponentFactory="androidx.core.app.CoreComponentFactory"
25-->[androidx.core:core:1.12.0] AndroidManifest.xml:28:18-86
26        android:debuggable="true"
27        android:extractNativeLibs="false"
28        android:label="@string/app_name"
28-->src/main/AndroidManifest.xml:8:9-41
29        android:testOnly="true"
30        android:theme="@android:style/Theme.Material.Light" >
30-->src/main/AndroidManifest.xml:9:9-60
31
32        <!-- Main Activity -->
33        <activity
33-->src/main/AndroidManifest.xml:12:9-19:20
34            android:name="com.example.glancesamples.MainActivity"
34-->src/main/AndroidManifest.xml:13:13-41
35            android:exported="true" >
35-->src/main/AndroidManifest.xml:14:13-36
36            <intent-filter>
36-->src/main/AndroidManifest.xml:15:13-18:29
37                <action android:name="android.intent.action.MAIN" />
37-->src/main/AndroidManifest.xml:16:17-69
37-->src/main/AndroidManifest.xml:16:25-66
38
39                <category android:name="android.intent.category.LAUNCHER" />
39-->src/main/AndroidManifest.xml:17:17-77
39-->src/main/AndroidManifest.xml:17:27-74
40            </intent-filter>
41        </activity>
42
43        <!-- Step 1: Basic Widget -->
44        <receiver
44-->src/main/AndroidManifest.xml:22:9-31:20
45            android:name="com.example.glancesamples.step1_basic.Step1WidgetReceiver"
45-->src/main/AndroidManifest.xml:23:13-60
46            android:exported="true" >
46-->src/main/AndroidManifest.xml:24:13-36
47            <intent-filter>
47-->src/main/AndroidManifest.xml:25:13-27:29
48                <action android:name="android.appwidget.action.APPWIDGET_UPDATE" />
48-->src/main/AndroidManifest.xml:26:17-84
48-->src/main/AndroidManifest.xml:26:25-81
49            </intent-filter>
50
51            <meta-data
51-->src/main/AndroidManifest.xml:28:13-30:61
52                android:name="android.appwidget.provider"
52-->src/main/AndroidManifest.xml:29:17-58
53                android:resource="@xml/step1_widget_info" />
53-->src/main/AndroidManifest.xml:30:17-58
54        </receiver>
55
56        <!-- Step 2-1: Single Size Widget -->
57        <receiver
57-->src/main/AndroidManifest.xml:34:9-43:20
58            android:name="com.example.glancesamples.step2_sizemode.Step2SingleSizeReceiver"
58-->src/main/AndroidManifest.xml:35:13-67
59            android:exported="true" >
59-->src/main/AndroidManifest.xml:36:13-36
60            <intent-filter>
60-->src/main/AndroidManifest.xml:25:13-27:29
61                <action android:name="android.appwidget.action.APPWIDGET_UPDATE" />
61-->src/main/AndroidManifest.xml:26:17-84
61-->src/main/AndroidManifest.xml:26:25-81
62            </intent-filter>
63
64            <meta-data
64-->src/main/AndroidManifest.xml:28:13-30:61
65                android:name="android.appwidget.provider"
65-->src/main/AndroidManifest.xml:29:17-58
66                android:resource="@xml/step2_single_info" />
66-->src/main/AndroidManifest.xml:30:17-58
67        </receiver>
68
69        <!-- Step 2-2: Exact Size Widget -->
70        <receiver
70-->src/main/AndroidManifest.xml:46:9-55:20
71            android:name="com.example.glancesamples.step2_sizemode.Step2ExactSizeReceiver"
71-->src/main/AndroidManifest.xml:47:13-66
72            android:exported="true" >
72-->src/main/AndroidManifest.xml:48:13-36
73            <intent-filter>
73-->src/main/AndroidManifest.xml:25:13-27:29
74                <action android:name="android.appwidget.action.APPWIDGET_UPDATE" />
74-->src/main/AndroidManifest.xml:26:17-84
74-->src/main/AndroidManifest.xml:26:25-81
75            </intent-filter>
76
77            <meta-data
77-->src/main/AndroidManifest.xml:28:13-30:61
78                android:name="android.appwidget.provider"
78-->src/main/AndroidManifest.xml:29:17-58
79                android:resource="@xml/step2_exact_info" />
79-->src/main/AndroidManifest.xml:30:17-58
80        </receiver>
81
82        <!-- Step 2-3: Responsive Widget -->
83        <receiver
83-->src/main/AndroidManifest.xml:58:9-67:20
84            android:name="com.example.glancesamples.step2_sizemode.Step2ResponsiveReceiver"
84-->src/main/AndroidManifest.xml:59:13-67
85            android:exported="true" >
85-->src/main/AndroidManifest.xml:60:13-36
86            <intent-filter>
86-->src/main/AndroidManifest.xml:25:13-27:29
87                <action android:name="android.appwidget.action.APPWIDGET_UPDATE" />
87-->src/main/AndroidManifest.xml:26:17-84
87-->src/main/AndroidManifest.xml:26:25-81
88            </intent-filter>
89
90            <meta-data
90-->src/main/AndroidManifest.xml:28:13-30:61
91                android:name="android.appwidget.provider"
91-->src/main/AndroidManifest.xml:29:17-58
92                android:resource="@xml/step2_responsive_info" />
92-->src/main/AndroidManifest.xml:30:17-58
93        </receiver>
94
95        <!-- Step 3: State Management Widget -->
96        <receiver
96-->src/main/AndroidManifest.xml:70:9-79:20
97            android:name="com.example.glancesamples.step3_state.Step3WidgetReceiver"
97-->src/main/AndroidManifest.xml:71:13-60
98            android:exported="true" >
98-->src/main/AndroidManifest.xml:72:13-36
99            <intent-filter>
99-->src/main/AndroidManifest.xml:25:13-27:29
100                <action android:name="android.appwidget.action.APPWIDGET_UPDATE" />
100-->src/main/AndroidManifest.xml:26:17-84
100-->src/main/AndroidManifest.xml:26:25-81
101            </intent-filter>
102
103            <meta-data
103-->src/main/AndroidManifest.xml:28:13-30:61
104                android:name="android.appwidget.provider"
104-->src/main/AndroidManifest.xml:29:17-58
105                android:resource="@xml/step3_state_info" />
105-->src/main/AndroidManifest.xml:30:17-58
106        </receiver>
107
108        <!-- Step 4: Action Handling Widget -->
109        <receiver
109-->src/main/AndroidManifest.xml:82:9-91:20
110            android:name="com.example.glancesamples.step4_action.Step4WidgetReceiver"
110-->src/main/AndroidManifest.xml:83:13-61
111            android:exported="true" >
111-->src/main/AndroidManifest.xml:84:13-36
112            <intent-filter>
112-->src/main/AndroidManifest.xml:25:13-27:29
113                <action android:name="android.appwidget.action.APPWIDGET_UPDATE" />
113-->src/main/AndroidManifest.xml:26:17-84
113-->src/main/AndroidManifest.xml:26:25-81
114            </intent-filter>
115
116            <meta-data
116-->src/main/AndroidManifest.xml:28:13-30:61
117                android:name="android.appwidget.provider"
117-->src/main/AndroidManifest.xml:29:17-58
118                android:resource="@xml/step4_action_info" />
118-->src/main/AndroidManifest.xml:30:17-58
119        </receiver>
120
121        <!-- Step 5: Todo Widget -->
122        <receiver
122-->src/main/AndroidManifest.xml:94:9-103:20
123            android:name="com.example.glancesamples.step5_practical.Step5WidgetReceiver"
123-->src/main/AndroidManifest.xml:95:13-64
124            android:exported="true" >
124-->src/main/AndroidManifest.xml:96:13-36
125            <intent-filter>
125-->src/main/AndroidManifest.xml:25:13-27:29
126                <action android:name="android.appwidget.action.APPWIDGET_UPDATE" />
126-->src/main/AndroidManifest.xml:26:17-84
126-->src/main/AndroidManifest.xml:26:25-81
127            </intent-filter>
128
129            <meta-data
129-->src/main/AndroidManifest.xml:28:13-30:61
130                android:name="android.appwidget.provider"
130-->src/main/AndroidManifest.xml:29:17-58
131                android:resource="@xml/step5_todo_info" />
131-->src/main/AndroidManifest.xml:30:17-58
132        </receiver>
133
134        <activity
134-->[androidx.glance:glance-appwidget:1.1.1] AndroidManifest.xml:23:9-28:62
135            android:name="androidx.glance.appwidget.action.ActionTrampolineActivity"
135-->[androidx.glance:glance-appwidget:1.1.1] AndroidManifest.xml:24:13-85
136            android:enabled="true"
136-->[androidx.glance:glance-appwidget:1.1.1] AndroidManifest.xml:25:13-35
137            android:excludeFromRecents="true"
137-->[androidx.glance:glance-appwidget:1.1.1] AndroidManifest.xml:26:13-46
138            android:exported="false"
138-->[androidx.glance:glance-appwidget:1.1.1] AndroidManifest.xml:27:13-37
139            android:theme="@android:style/Theme.NoDisplay" />
139-->[androidx.glance:glance-appwidget:1.1.1] AndroidManifest.xml:28:13-59
140        <activity
140-->[androidx.glance:glance-appwidget:1.1.1] AndroidManifest.xml:29:9-36:81
141            android:name="androidx.glance.appwidget.action.InvisibleActionTrampolineActivity"
141-->[androidx.glance:glance-appwidget:1.1.1] AndroidManifest.xml:30:13-94
142            android:enabled="true"
142-->[androidx.glance:glance-appwidget:1.1.1] AndroidManifest.xml:31:13-35
143            android:exported="false"
143-->[androidx.glance:glance-appwidget:1.1.1] AndroidManifest.xml:32:13-37
144            android:launchMode="singleInstance"
144-->[androidx.glance:glance-appwidget:1.1.1] AndroidManifest.xml:33:13-48
145            android:noHistory="true"
145-->[androidx.glance:glance-appwidget:1.1.1] AndroidManifest.xml:34:13-37
146            android:taskAffinity="androidx.glance.appwidget.ListAdapterCallbackTrampoline"
146-->[androidx.glance:glance-appwidget:1.1.1] AndroidManifest.xml:35:13-91
147            android:theme="@style/Widget.Glance.AppWidget.CallbackTrampoline" />
147-->[androidx.glance:glance-appwidget:1.1.1] AndroidManifest.xml:36:13-78
148
149        <receiver
149-->[androidx.glance:glance-appwidget:1.1.1] AndroidManifest.xml:38:9-41:40
150            android:name="androidx.glance.appwidget.action.ActionCallbackBroadcastReceiver"
150-->[androidx.glance:glance-appwidget:1.1.1] AndroidManifest.xml:39:13-92
151            android:enabled="true"
151-->[androidx.glance:glance-appwidget:1.1.1] AndroidManifest.xml:40:13-35
152            android:exported="false" />
152-->[androidx.glance:glance-appwidget:1.1.1] AndroidManifest.xml:41:13-37
153        <receiver
153-->[androidx.glance:glance-appwidget:1.1.1] AndroidManifest.xml:42:9-45:40
154            android:name="androidx.glance.appwidget.UnmanagedSessionReceiver"
154-->[androidx.glance:glance-appwidget:1.1.1] AndroidManifest.xml:43:13-78
155            android:enabled="true"
155-->[androidx.glance:glance-appwidget:1.1.1] AndroidManifest.xml:44:13-35
156            android:exported="false" />
156-->[androidx.glance:glance-appwidget:1.1.1] AndroidManifest.xml:45:13-37
157        <receiver
157-->[androidx.glance:glance-appwidget:1.1.1] AndroidManifest.xml:46:9-53:20
158            android:name="androidx.glance.appwidget.MyPackageReplacedReceiver"
158-->[androidx.glance:glance-appwidget:1.1.1] AndroidManifest.xml:47:13-79
159            android:enabled="true"
159-->[androidx.glance:glance-appwidget:1.1.1] AndroidManifest.xml:48:13-35
160            android:exported="false" >
160-->[androidx.glance:glance-appwidget:1.1.1] AndroidManifest.xml:49:13-37
161            <intent-filter>
161-->[androidx.glance:glance-appwidget:1.1.1] AndroidManifest.xml:50:13-52:29
162                <action android:name="android.intent.action.MY_PACKAGE_REPLACED" />
162-->[androidx.glance:glance-appwidget:1.1.1] AndroidManifest.xml:51:17-84
162-->[androidx.glance:glance-appwidget:1.1.1] AndroidManifest.xml:51:25-81
163            </intent-filter>
164        </receiver>
165
166        <service
166-->[androidx.glance:glance-appwidget:1.1.1] AndroidManifest.xml:55:9-58:72
167            android:name="androidx.glance.appwidget.GlanceRemoteViewsService"
167-->[androidx.glance:glance-appwidget:1.1.1] AndroidManifest.xml:56:13-78
168            android:exported="true"
168-->[androidx.glance:glance-appwidget:1.1.1] AndroidManifest.xml:57:13-36
169            android:permission="android.permission.BIND_REMOTEVIEWS" />
169-->[androidx.glance:glance-appwidget:1.1.1] AndroidManifest.xml:58:13-69
170        <service
170-->[androidx.core:core-remoteviews:1.1.0] AndroidManifest.xml:24:9-27:63
171            android:name="androidx.core.widget.RemoteViewsCompatService"
171-->[androidx.core:core-remoteviews:1.1.0] AndroidManifest.xml:25:13-73
172            android:permission="android.permission.BIND_REMOTEVIEWS" />
172-->[androidx.core:core-remoteviews:1.1.0] AndroidManifest.xml:26:13-69
173
174        <provider
174-->[androidx.work:work-runtime:2.9.0] AndroidManifest.xml:29:9-37:20
175            android:name="androidx.startup.InitializationProvider"
175-->[androidx.work:work-runtime:2.9.0] AndroidManifest.xml:30:13-67
176            android:authorities="com.example.glancesamples.androidx-startup"
176-->[androidx.work:work-runtime:2.9.0] AndroidManifest.xml:31:13-68
177            android:exported="false" >
177-->[androidx.work:work-runtime:2.9.0] AndroidManifest.xml:32:13-37
178            <meta-data
178-->[androidx.work:work-runtime:2.9.0] AndroidManifest.xml:34:13-36:52
179                android:name="androidx.work.WorkManagerInitializer"
179-->[androidx.work:work-runtime:2.9.0] AndroidManifest.xml:35:17-68
180                android:value="androidx.startup" />
180-->[androidx.work:work-runtime:2.9.0] AndroidManifest.xml:36:17-49
181            <meta-data
181-->[androidx.emoji2:emoji2:1.2.0] AndroidManifest.xml:29:13-31:52
182                android:name="androidx.emoji2.text.EmojiCompatInitializer"
182-->[androidx.emoji2:emoji2:1.2.0] AndroidManifest.xml:30:17-75
183                android:value="androidx.startup" />
183-->[androidx.emoji2:emoji2:1.2.0] AndroidManifest.xml:31:17-49
184            <meta-data
184-->[androidx.lifecycle:lifecycle-process:2.4.1] AndroidManifest.xml:31:13-33:52
185                android:name="androidx.lifecycle.ProcessLifecycleInitializer"
185-->[androidx.lifecycle:lifecycle-process:2.4.1] AndroidManifest.xml:32:17-78
186                android:value="androidx.startup" />
186-->[androidx.lifecycle:lifecycle-process:2.4.1] AndroidManifest.xml:33:17-49
187            <meta-data
187-->[androidx.profileinstaller:profileinstaller:1.2.0] AndroidManifest.xml:30:13-32:52
188                android:name="androidx.profileinstaller.ProfileInstallerInitializer"
188-->[androidx.profileinstaller:profileinstaller:1.2.0] AndroidManifest.xml:31:17-85
189                android:value="androidx.startup" />
189-->[androidx.profileinstaller:profileinstaller:1.2.0] AndroidManifest.xml:32:17-49
190        </provider>
191
192        <service
192-->[androidx.work:work-runtime:2.9.0] AndroidManifest.xml:39:9-45:35
193            android:name="androidx.work.impl.background.systemalarm.SystemAlarmService"
193-->[androidx.work:work-runtime:2.9.0] AndroidManifest.xml:40:13-88
194            android:directBootAware="false"
194-->[androidx.work:work-runtime:2.9.0] AndroidManifest.xml:41:13-44
195            android:enabled="@bool/enable_system_alarm_service_default"
195-->[androidx.work:work-runtime:2.9.0] AndroidManifest.xml:42:13-72
196            android:exported="false" />
196-->[androidx.work:work-runtime:2.9.0] AndroidManifest.xml:43:13-37
197        <service
197-->[androidx.work:work-runtime:2.9.0] AndroidManifest.xml:46:9-52:35
198            android:name="androidx.work.impl.background.systemjob.SystemJobService"
198-->[androidx.work:work-runtime:2.9.0] AndroidManifest.xml:47:13-84
199            android:directBootAware="false"
199-->[androidx.work:work-runtime:2.9.0] AndroidManifest.xml:48:13-44
200            android:enabled="@bool/enable_system_job_service_default"
200-->[androidx.work:work-runtime:2.9.0] AndroidManifest.xml:49:13-70
201            android:exported="true"
201-->[androidx.work:work-runtime:2.9.0] AndroidManifest.xml:50:13-36
202            android:permission="android.permission.BIND_JOB_SERVICE" />
202-->[androidx.work:work-runtime:2.9.0] AndroidManifest.xml:51:13-69
203        <service
203-->[androidx.work:work-runtime:2.9.0] AndroidManifest.xml:53:9-59:35
204            android:name="androidx.work.impl.foreground.SystemForegroundService"
204-->[androidx.work:work-runtime:2.9.0] AndroidManifest.xml:54:13-81
205            android:directBootAware="false"
205-->[androidx.work:work-runtime:2.9.0] AndroidManifest.xml:55:13-44
206            android:enabled="@bool/enable_system_foreground_service_default"
206-->[androidx.work:work-runtime:2.9.0] AndroidManifest.xml:56:13-77
207            android:exported="false" />
207-->[androidx.work:work-runtime:2.9.0] AndroidManifest.xml:57:13-37
208
209        <receiver
209-->[androidx.work:work-runtime:2.9.0] AndroidManifest.xml:61:9-66:35
210            android:name="androidx.work.impl.utils.ForceStopRunnable$BroadcastReceiver"
210-->[androidx.work:work-runtime:2.9.0] AndroidManifest.xml:62:13-88
211            android:directBootAware="false"
211-->[androidx.work:work-runtime:2.9.0] AndroidManifest.xml:63:13-44
212            android:enabled="true"
212-->[androidx.work:work-runtime:2.9.0] AndroidManifest.xml:64:13-35
213            android:exported="false" />
213-->[androidx.work:work-runtime:2.9.0] AndroidManifest.xml:65:13-37
214        <receiver
214-->[androidx.work:work-runtime:2.9.0] AndroidManifest.xml:67:9-77:20
215            android:name="androidx.work.impl.background.systemalarm.ConstraintProxy$BatteryChargingProxy"
215-->[androidx.work:work-runtime:2.9.0] AndroidManifest.xml:68:13-106
216            android:directBootAware="false"
216-->[androidx.work:work-runtime:2.9.0] AndroidManifest.xml:69:13-44
217            android:enabled="false"
217-->[androidx.work:work-runtime:2.9.0] AndroidManifest.xml:70:13-36
218            android:exported="false" >
218-->[androidx.work:work-runtime:2.9.0] AndroidManifest.xml:71:13-37
219            <intent-filter>
219-->[androidx.work:work-runtime:2.9.0] AndroidManifest.xml:73:13-76:29
220                <action android:name="android.intent.action.ACTION_POWER_CONNECTED" />
220-->[androidx.work:work-runtime:2.9.0] AndroidManifest.xml:74:17-87
220-->[androidx.work:work-runtime:2.9.0] AndroidManifest.xml:74:25-84
221                <action android:name="android.intent.action.ACTION_POWER_DISCONNECTED" />
221-->[androidx.work:work-runtime:2.9.0] AndroidManifest.xml:75:17-90
221-->[androidx.work:work-runtime:2.9.0] AndroidManifest.xml:75:25-87
222            </intent-filter>
223        </receiver>
224        <receiver
224-->[androidx.work:work-runtime:2.9.0] AndroidManifest.xml:78:9-88:20
225            android:name="androidx.work.impl.background.systemalarm.ConstraintProxy$BatteryNotLowProxy"
225-->[androidx.work:work-runtime:2.9.0] AndroidManifest.xml:79:13-104
226            android:directBootAware="false"
226-->[androidx.work:work-runtime:2.9.0] AndroidManifest.xml:80:13-44
227            android:enabled="false"
227-->[androidx.work:work-runtime:2.9.0] AndroidManifest.xml:81:13-36
228            android:exported="false" >
228-->[androidx.work:work-runtime:2.9.0] AndroidManifest.xml:82:13-37
229            <intent-filter>
229-->[androidx.work:work-runtime:2.9.0] AndroidManifest.xml:84:13-87:29
230                <action android:name="android.intent.action.BATTERY_OKAY" />
230-->[androidx.work:work-runtime:2.9.0] AndroidManifest.xml:85:17-77
230-->[androidx.work:work-runtime:2.9.0] AndroidManifest.xml:85:25-74
231                <action android:name="android.intent.action.BATTERY_LOW" />
231-->[androidx.work:work-runtime:2.9.0] AndroidManifest.xml:86:17-76
231-->[androidx.work:work-runtime:2.9.0] AndroidManifest.xml:86:25-73
232            </intent-filter>
233        </receiver>
234        <receiver
234-->[androidx.work:work-runtime:2.9.0] AndroidManifest.xml:89:9-99:20
235            android:name="androidx.work.impl.background.systemalarm.ConstraintProxy$StorageNotLowProxy"
235-->[androidx.work:work-runtime:2.9.0] AndroidManifest.xml:90:13-104
236            android:directBootAware="false"
236-->[androidx.work:work-runtime:2.9.0] AndroidManifest.xml:91:13-44
237            android:enabled="false"
237-->[androidx.work:work-runtime:2.9.0] AndroidManifest.xml:92:13-36
238            android:exported="false" >
238-->[androidx.work:work-runtime:2.9.0] AndroidManifest.xml:93:13-37
239            <intent-filter>
239-->[androidx.work:work-runtime:2.9.0] AndroidManifest.xml:95:13-98:29
240                <action android:name="android.intent.action.DEVICE_STORAGE_LOW" />
240-->[androidx.work:work-runtime:2.9.0] AndroidManifest.xml:96:17-83
240-->[androidx.work:work-runtime:2.9.0] AndroidManifest.xml:96:25-80
241                <action android:name="android.intent.action.DEVICE_STORAGE_OK" />
241-->[androidx.work:work-runtime:2.9.0] AndroidManifest.xml:97:17-82
241-->[androidx.work:work-runtime:2.9.0] AndroidManifest.xml:97:25-79
242            </intent-filter>
243        </receiver>
244        <receiver
244-->[androidx.work:work-runtime:2.9.0] AndroidManifest.xml:100:9-109:20
245            android:name="androidx.work.impl.background.systemalarm.ConstraintProxy$NetworkStateProxy"
245-->[androidx.work:work-runtime:2.9.0] AndroidManifest.xml:101:13-103
246            android:directBootAware="false"
246-->[androidx.work:work-runtime:2.9.0] AndroidManifest.xml:102:13-44
247            android:enabled="false"
247-->[androidx.work:work-runtime:2.9.0] AndroidManifest.xml:103:13-36
248            android:exported="false" >
248-->[androidx.work:work-runtime:2.9.0] AndroidManifest.xml:104:13-37
249            <intent-filter>
249-->[androidx.work:work-runtime:2.9.0] AndroidManifest.xml:106:13-108:29
250                <action android:name="android.net.conn.CONNECTIVITY_CHANGE" />
250-->[androidx.work:work-runtime:2.9.0] AndroidManifest.xml:107:17-79
250-->[androidx.work:work-runtime:2.9.0] AndroidManifest.xml:107:25-76
251            </intent-filter>
252        </receiver>
253        <receiver
253-->[androidx.work:work-runtime:2.9.0] AndroidManifest.xml:110:9-121:20
254            android:name="androidx.work.impl.background.systemalarm.RescheduleReceiver"
254-->[androidx.work:work-runtime:2.9.0] AndroidManifest.xml:111:13-88
255            android:directBootAware="false"
255-->[androidx.work:work-runtime:2.9.0] AndroidManifest.xml:112:13-44
256            android:enabled="false"
256-->[androidx.work:work-runtime:2.9.0] AndroidManifest.xml:113:13-36
257            android:exported="false" >
257-->[androidx.work:work-runtime:2.9.0] AndroidManifest.xml:114:13-37
258            <intent-filter>
258-->[androidx.work:work-runtime:2.9.0] AndroidManifest.xml:116:13-120:29
259                <action android:name="android.intent.action.BOOT_COMPLETED" />
259-->[androidx.work:work-runtime:2.9.0] AndroidManifest.xml:117:17-79
259-->[androidx.work:work-runtime:2.9.0] AndroidManifest.xml:117:25-76
260                <action android:name="android.intent.action.TIME_SET" />
260-->[androidx.work:work-runtime:2.9.0] AndroidManifest.xml:118:17-73
260-->[androidx.work:work-runtime:2.9.0] AndroidManifest.xml:118:25-70
261                <action android:name="android.intent.action.TIMEZONE_CHANGED" />
261-->[androidx.work:work-runtime:2.9.0] AndroidManifest.xml:119:17-81
261-->[androidx.work:work-runtime:2.9.0] AndroidManifest.xml:119:25-78
262            </intent-filter>
263        </receiver>
264        <receiver
264-->[androidx.work:work-runtime:2.9.0] AndroidManifest.xml:122:9-131:20
265            android:name="androidx.work.impl.background.systemalarm.ConstraintProxyUpdateReceiver"
265-->[androidx.work:work-runtime:2.9.0] AndroidManifest.xml:123:13-99
266            android:directBootAware="false"
266-->[androidx.work:work-runtime:2.9.0] AndroidManifest.xml:124:13-44
267            android:enabled="@bool/enable_system_alarm_service_default"
267-->[androidx.work:work-runtime:2.9.0] AndroidManifest.xml:125:13-72
268            android:exported="false" >
268-->[androidx.work:work-runtime:2.9.0] AndroidManifest.xml:126:13-37
269            <intent-filter>
269-->[androidx.work:work-runtime:2.9.0] AndroidManifest.xml:128:13-130:29
270                <action android:name="androidx.work.impl.background.systemalarm.UpdateProxies" />
270-->[androidx.work:work-runtime:2.9.0] AndroidManifest.xml:129:17-98
270-->[androidx.work:work-runtime:2.9.0] AndroidManifest.xml:129:25-95
271            </intent-filter>
272        </receiver>
273        <receiver
273-->[androidx.work:work-runtime:2.9.0] AndroidManifest.xml:132:9-142:20
274            android:name="androidx.work.impl.diagnostics.DiagnosticsReceiver"
274-->[androidx.work:work-runtime:2.9.0] AndroidManifest.xml:133:13-78
275            android:directBootAware="false"
275-->[androidx.work:work-runtime:2.9.0] AndroidManifest.xml:134:13-44
276            android:enabled="true"
276-->[androidx.work:work-runtime:2.9.0] AndroidManifest.xml:135:13-35
277            android:exported="true"
277-->[androidx.work:work-runtime:2.9.0] AndroidManifest.xml:136:13-36
278            android:permission="android.permission.DUMP" >
278-->[androidx.work:work-runtime:2.9.0] AndroidManifest.xml:137:13-57
279            <intent-filter>
279-->[androidx.work:work-runtime:2.9.0] AndroidManifest.xml:139:13-141:29
280                <action android:name="androidx.work.diagnostics.REQUEST_DIAGNOSTICS" />
280-->[androidx.work:work-runtime:2.9.0] AndroidManifest.xml:140:17-88
280-->[androidx.work:work-runtime:2.9.0] AndroidManifest.xml:140:25-85
281            </intent-filter>
282        </receiver>
283
284        <service
284-->[androidx.room:room-runtime:2.5.0] AndroidManifest.xml:24:9-28:63
285            android:name="androidx.room.MultiInstanceInvalidationService"
285-->[androidx.room:room-runtime:2.5.0] AndroidManifest.xml:25:13-74
286            android:directBootAware="true"
286-->[androidx.room:room-runtime:2.5.0] AndroidManifest.xml:26:13-43
287            android:exported="false" />
287-->[androidx.room:room-runtime:2.5.0] AndroidManifest.xml:27:13-37
288
289        <receiver
289-->[androidx.profileinstaller:profileinstaller:1.2.0] AndroidManifest.xml:35:9-47:20
290            android:name="androidx.profileinstaller.ProfileInstallReceiver"
290-->[androidx.profileinstaller:profileinstaller:1.2.0] AndroidManifest.xml:36:13-76
291            android:directBootAware="false"
291-->[androidx.profileinstaller:profileinstaller:1.2.0] AndroidManifest.xml:37:13-44
292            android:enabled="true"
292-->[androidx.profileinstaller:profileinstaller:1.2.0] AndroidManifest.xml:38:13-35
293            android:exported="true"
293-->[androidx.profileinstaller:profileinstaller:1.2.0] AndroidManifest.xml:39:13-36
294            android:permission="android.permission.DUMP" >
294-->[androidx.profileinstaller:profileinstaller:1.2.0] AndroidManifest.xml:40:13-57
295            <intent-filter>
295-->[androidx.profileinstaller:profileinstaller:1.2.0] AndroidManifest.xml:41:13-43:29
296                <action android:name="androidx.profileinstaller.action.INSTALL_PROFILE" />
296-->[androidx.profileinstaller:profileinstaller:1.2.0] AndroidManifest.xml:42:17-91
296-->[androidx.profileinstaller:profileinstaller:1.2.0] AndroidManifest.xml:42:25-88
297            </intent-filter>
298            <intent-filter>
298-->[androidx.profileinstaller:profileinstaller:1.2.0] AndroidManifest.xml:44:13-46:29
299                <action android:name="androidx.profileinstaller.action.SKIP_FILE" />
299-->[androidx.profileinstaller:profileinstaller:1.2.0] AndroidManifest.xml:45:17-85
299-->[androidx.profileinstaller:profileinstaller:1.2.0] AndroidManifest.xml:45:25-82
300            </intent-filter>
301        </receiver>
302    </application>
303
304</manifest>